<?xml version="1.0" encoding="UTF-8"?>
<testng-results ignored="0" total="3" passed="3" failed="0" skipped="0">
  <reporter-output>
  </reporter-output>
  <suite started-at="2021-06-24T11:11:35 IST" name="Surefire suite" finished-at="2021-06-24T11:11:42 IST" duration-ms="6756">
    <groups>
      <group name="cucumber">
        <method signature="AbstractTestNGCucumberTests.runScenario(io.cucumber.testng.PickleWrapper, io.cucumber.testng.FeatureWrapper)[pri:0, instance:com.restassured.runner.TestRunner@8dbdac1]" name="runScenario" class="io.cucumber.testng.AbstractTestNGCucumberTests"/>
      </group> <!-- cucumber -->
    </groups>
    <test started-at="2021-06-24T11:11:35 IST" name="Surefire test" finished-at="2021-06-24T11:11:42 IST" duration-ms="6756">
      <class name="com.restassured.runner.TestRunner">
        <test-method is-config="true" signature="setUpClass()[pri:0, instance:com.restassured.runner.TestRunner@8dbdac1]" started-at="2021-06-24T11:11:35 IST" name="setUpClass" finished-at="2021-06-24T11:11:36 IST" duration-ms="569" status="PASS">
          <reporter-output>
          </reporter-output>
        </test-method> <!-- setUpClass -->
        <test-method signature="runScenario(io.cucumber.testng.PickleWrapper, io.cucumber.testng.FeatureWrapper)[pri:0, instance:com.restassured.runner.TestRunner@8dbdac1]" started-at="2021-06-24T11:11:36 IST" name="runScenario" description="Runs Cucumber Scenarios" data-provider="scenarios" finished-at="2021-06-24T11:11:39 IST" duration-ms="3377" status="PASS">
          <params>
            <param index="0">
              <value>
                <![CDATA["Validate list resource end point is getting correct data"]]>
              </value>
            </param>
            <param index="1">
              <value>
                <![CDATA["Optional[List resource API]"]]>
              </value>
            </param>
          </params>
          <reporter-output>
          </reporter-output>
        </test-method> <!-- runScenario -->
        <test-method signature="runScenario(io.cucumber.testng.PickleWrapper, io.cucumber.testng.FeatureWrapper)[pri:0, instance:com.restassured.runner.TestRunner@8dbdac1]" started-at="2021-06-24T11:11:39 IST" name="runScenario" description="Runs Cucumber Scenarios" data-provider="scenarios" finished-at="2021-06-24T11:11:40 IST" duration-ms="687" status="PASS">
          <params>
            <param index="0">
              <value>
                <![CDATA["Validate login is successful"]]>
              </value>
            </param>
            <param index="1">
              <value>
                <![CDATA["Optional[Login API]"]]>
              </value>
            </param>
          </params>
          <reporter-output>
          </reporter-output>
        </test-method> <!-- runScenario -->
        <test-method signature="runScenario(io.cucumber.testng.PickleWrapper, io.cucumber.testng.FeatureWrapper)[pri:0, instance:com.restassured.runner.TestRunner@8dbdac1]" started-at="2021-06-24T11:11:40 IST" name="runScenario" description="Runs Cucumber Scenarios" data-provider="scenarios" finished-at="2021-06-24T11:11:40 IST" duration-ms="617" status="PASS">
          <params>
            <param index="0">
              <value>
                <![CDATA["Validate registration is successful"]]>
              </value>
            </param>
            <param index="1">
              <value>
                <![CDATA["Optional[Register API]"]]>
              </value>
            </param>
          </params>
          <reporter-output>
          </reporter-output>
        </test-method> <!-- runScenario -->
        <test-method is-config="true" signature="tearDownClass()[pri:0, instance:com.restassured.runner.TestRunner@8dbdac1]" started-at="2021-06-24T11:11:40 IST" name="tearDownClass" finished-at="2021-06-24T11:11:42 IST" duration-ms="1474" status="PASS">
          <reporter-output>
          </reporter-output>
        </test-method> <!-- tearDownClass -->
      </class> <!-- com.restassured.runner.TestRunner -->
    </test> <!-- Surefire test -->
  </suite> <!-- Surefire suite -->
</testng-results>
