<?xml version="1.0" encoding="UTF-8"?>
<testsuite xmlns:xsi="http://www.w3.org/2001/XMLSchema-instance" xsi:noNamespaceSchemaLocation="https://maven.apache.org/surefire/maven-surefire-plugin/xsd/surefire-test-report.xsd" name="com.restassured.runner.TestRunner" time="7.119" tests="3" errors="0" skipped="0" failures="0">
  <properties>
[...]
</properties>
  <testcase name="runScenario" classname="com.restassured.runner.TestRunner" time="3.379"/>
  <testcase name="runScenario" classname="com.restassured.runner.TestRunner" time="0.686"/>
  <testcase name="runScenario" classname="com.restassured.runner.TestRunner" time="0.616"/>
</testsuite>